<?xml version="1.0" encoding="UTF-8"?>
<testsuite name="com.raywenderlich.android.workmanager.ExampleUnitTest" tests="1" skipped="0" failures="0" errors="0" timestamp="2021-08-06T14:51:04" hostname="WBDV-KTV-2021-1" time="0.004">
  <properties/>
  <testcase name="addition_isCorrect" classname="com.raywenderlich.android.workmanager.ExampleUnitTest" time="0.004"/>
  <system-out><![CDATA[]]></system-out>
  <system-err><![CDATA[]]></system-err>
</testsuite>
